<?xml version="1.0" encoding="UTF-8"?>
<!-- Generated by org.testng.reporters.JUnitXMLReporter -->
<testsuite hostname="Chetans-MacBook-Pro.local" name="Command line test" tests="2" failures="0" timestamp="9 Feb 2017 20:44:41 GMT" time="0.027" errors="0">
  <testcase name="@BeforeTest setup" time="0.0" classname="com.insureon.interview.tests.TestInsureonCompanyHistory">
    <failure type="org.testng.TestNGException" message="
Parameter &amp;apos;browser&amp;apos; is required by @Configuration on method setup but has not been marked @Optional or defined
">
      <![CDATA[org.testng.TestNGException: 
Parameter 'browser' is required by @Configuration on method setup but has not been marked @Optional or defined

... Removed 29 stack frames]]>
    </failure>
  </testcase> <!-- @BeforeTest setup -->
  <testcase name="@BeforeTest setup" time="0.0" classname="com.insureon.interview.tests.TestInsureonCompanyHistory">
    <skipped/>
  </testcase> <!-- @BeforeTest setup -->
  <testcase name="@AfterTest browser_close" time="0.0" classname="com.insureon.interview.tests.TestInsureonHomePage">
    <skipped/>
  </testcase> <!-- @AfterTest browser_close -->
  <testcase name="test_Navigation" time="0.004" classname="com.insureon.interview.tests.TestInsureonCompanyHistory">
    <skipped/>
  </testcase> <!-- test_Navigation -->
  <testcase name="test_Home_Page_Appear_Correct" time="0.001" classname="com.insureon.interview.tests.TestInsureonHomePage">
    <skipped/>
  </testcase> <!-- test_Home_Page_Appear_Correct -->
</testsuite> <!-- Command line test -->
