<?xml version="1.0" encoding="UTF-8"?>
<!-- Generated by org.testng.reporters.JUnitXMLReporter -->
<testsuite hostname="Chetans-MacBook-Pro.local" name="Navigation" tests="4" failures="2" timestamp="9 Feb 2017 22:23:15 GMT" time="21.661" errors="0">
  <testcase name="test_Navigation" time="0.865" classname="com.insureon.interview.tests.PF_TestInsureonCompanyHistory">
    <failure type="java.lang.AssertionError" message="expected [true] but found [false]">
      <![CDATA[java.lang.AssertionError: expected [true] but found [false]
	at com.insureon.interview.tests.PF_TestInsureonCompanyHistory.test_Navigation(PF_TestInsureonCompanyHistory.java:34)
... Removed 28 stack frames]]>
    </failure>
  </testcase> <!-- test_Navigation -->
  <testcase name="test_Home_Page_Appear_Correct" time="0.032" classname="com.insureon.interview.tests.PF_TestInsureonHomePage"/>
  <testcase name="test_Home_Page_Appear_Correct" time="0.439" classname="com.insureon.interview.tests.TestInsureonHomePage"/>
  <testcase name="test_Navigation" time="0.786" classname="com.insureon.interview.tests.TestInsureonCompanyHistory">
    <failure type="java.lang.AssertionError" message="expected [true] but found [false]">
      <![CDATA[java.lang.AssertionError: expected [true] but found [false]
	at com.insureon.interview.tests.TestInsureonCompanyHistory.test_Navigation(TestInsureonCompanyHistory.java:49)
... Removed 28 stack frames]]>
    </failure>
  </testcase> <!-- test_Navigation -->
</testsuite> <!-- Navigation -->
